<?xml version="1.0" encoding="UTF-8"?>
<!-- Generated by org.testng.reporters.JUnitReportReporter -->
<testsuite hostname="Kasras-Air.attlocal.net" failures="0" tests="1" name="com.TFBanking.qa.testCases.LoginTest" time="5.578" errors="0" timestamp="2023-10-15T06:32:57 CDT" skipped="0">
  <testcase classname="com.TFBanking.qa.testCases.LoginTest" name="loginTest" time="5.578"/>
</testsuite> <!-- com.TFBanking.qa.testCases.LoginTest -->
