<?xml version="1.0" encoding="UTF-8"?>
<!-- Generated by org.testng.reporters.JUnitReportReporter -->
<testsuite hostname="Kasras-Air.attlocal.net" failures="0" tests="1" name="com.TFBanking.qa.testCases.CalendarTest" time="13.247" errors="0" timestamp="2023-10-16T06:55:23 CDT" skipped="0">
  <testcase classname="com.TFBanking.qa.testCases.CalendarTest" name="calendarTest" time="13.247"/>
</testsuite> <!-- com.TFBanking.qa.testCases.CalendarTest -->
