<?xml version="1.0" encoding="UTF-8"?>
<!-- Generated by org.testng.reporters.JUnitReportReporter -->
<testsuite hostname="Kasras-Air.attlocal.net" failures="0" tests="3" name="com.TFBanking.qa.testCases.LoginTest" time="13.940" errors="0" timestamp="2023-10-22T18:15:59 CDT" skipped="0">
  <testcase classname="com.TFBanking.qa.testCases.LoginTest" name="loginTest" time="4.428"/>
  <system-out/>
  <testcase classname="com.TFBanking.qa.testCases.LoginTest" name="loginTest" time="5.080"/>
  <system-out/>
  <testcase classname="com.TFBanking.qa.testCases.LoginTest" name="loginTest" time="4.432"/>
  <system-out/>
</testsuite> <!-- com.TFBanking.qa.testCases.LoginTest -->
