<?xml version="1.0" encoding="UTF-8"?>
<!-- Generated by org.testng.reporters.JUnitReportReporter -->
<testsuite hostname="Kasras-Air.attlocal.net" failures="0" tests="2" name="com.TFBanking.qa.base.Practice" time="0.007" errors="0" timestamp="2023-10-01T13:06:05 CDT" skipped="0">
  <testcase classname="com.TFBanking.qa.base.Practice" name="myStream" time="0.006"/>
  <testcase classname="com.TFBanking.qa.base.Practice" name="streamCollect" time="0.001"/>
</testsuite> <!-- com.TFBanking.qa.base.Practice -->
